C:\Users\haiamasa\AppData\Local\Programs\Python\Python36\python.exe C:/MyProjects/tests/tests/reddit/extract_data.py
Program started
2021-05-13 00:21:33.300923
Parsing subreddit 'AskEurope'...
Checkpoint 0 saved.
2021-05-13 03:02:47.235257
Parsing subreddit 'Europe'...
10776 items in Czechia
46939 items in United States of America
4851 items in Scotland
17149 items in Denmark
55099 items in Romania
38566 items in Poland
3271 items in Canada
21741 items in Netherlands
2737 items in Estonia
43485 items in Germany
2926 items in Germany/Denmark
11350 items in Bulgaria
1305 items in BG/NL
11799 items in Ireland
448 items in Ghana
22207 items in Sweden
10988 items in Austria
18075 items in Croatia
3904 items in Italian in LDN
17342 items in Norway
11915 items in Latvia
4417 items in Transylvania
846 items in Danmark 🌈
1187 items in living in :flag-us:
1854 items in  living in :flag-ch:
20421 items in Spain
328 items in Kazakhstan
22858 items in United Kingdom
40638 items in Finland
8134 items in Russia
17546 items in Greece
8998 items in Hungary
34690 items in France
30636 items in Italy
245 items in Astrakhan
17619 items in Portugal
1305 items in Germany/Hamburg
2809 items in Brazil
3852 items in Switzerland
6127 items in England
4692 items in Australia
5800 items in Slovakia
1818 items in South Korea
222 items in Thuringia, Germany
2845 items in Slovenia
163 items in in :flag-se:
12338 items in Belgium
786 items in Kosovo
10607 items in Turkey
12600 items in Ukraine
218 items in Galicia/Spain
386 items in usa(va)
540 items in Greece🌈🗽
1197 items in in :flag-de:
660 items in  living in  :flag-dk:
1176 items in Bangladesh
1708 items in Wales
273 items in New Yorker in China
1222 items in Catalonia
5959 items in Lithuania
781 items in Vietnam
404 items in Milan, Lombardy, Italy
407 items in Switzerland (French speaking)
777 items in Iceland
2912 items in India
494 items in Manchester 
1070 items in Sverige
339 items in San Marino
875 items in Philippines
274 items in The German formerly known as Romanian
698 items in living in :flag-fr:
352 items in Moldova/PMR
4595 items in Bosnia and Herzegovina
269 items in Custom location
1197 items in half :flag-it:
983 items in New York City
343 items in Vienna :flag-at:
1605 items in Sakhalin
815 items in in :flag-au:
852 items in Russian Federation
547 items in Limburg
175 items in UK 
118 items in Uruguay
2178 items in in :flag-us:
329 items in Malta
637 items in Serbia
295 items in in :flag-ca:
68 items in Korea
972 items in Montenegro
206 items in Andalusia
385 items in United States
1318 items in New Zealand
333 items in Hertfordshire (:flag-gb:) 
593 items in Puerto Rico
167 items in Iran
734 items in Greenland
383 items in North Texas 
381 items in Argentina
299 items in Finland / Russia
154 items in south korea new zealand australia spain 
41280 items in Europe
3318 items in Wielkopolska
7425 items in Ein Tirol ist nicht genug, dem Südtirol gebe Ich mein Vorzug
1856 items in I want an Arkhangelsk' flair
2969 items in EUROPEANS. TOGETHER. STRONG
558 items in The deep south of IT.
2411 items in Luxembourg
19561 items in I posted the Nazi spoon
1552 items in Rep. Srpska
2875 items in British Eurofederalist
1883 items in Flanders (Dutch Belgium)
17666 items in I like maps
31222 items in The Netherlands
6143 items in Lower Silesia (Poland)
1895 items in Spain (Castile)
3951 items in Silesia (Poland)
3018 items in Alkmaar, Netherlands
5701 items in Eurofederalism with right wing characteristics
1225 items in Scotland/Poland
13049 items in Earth
4778 items in He does it in free
896 items in Czechia (Silesia) FTW
1285 items in Eastern Europe
4334 items in French Riviera ftw
1603 items in Berlin
495 items in EU | Bulgaria
1281 items in Lorraine (France)
4070 items in North Rhine-Westphalia (Germany)
1114 items in Fin/Swe (in UK)
3609 items in Seattle, Washington, USA
795 items in Vietnamese but Denmark is love, Denmark is life
1056 items in Bremen (Germany)
527 items in Czechoslovakia
3435 items in The Lux in BeNeLux
6499 items in Mazovia (Poland)
8587 items in South Holland (Netherlands)
3491 items in Roma
2177 items in Nino G is my homeboy
1497 items in Nunc Unita
1172 items in Navalny's 27%
2212 items in Rīga (Latvia)
3178 items in warmia
1271 items in American in Italy
4219 items in Lake Bled connoisseur
2176 items in Groningen (Netherlands)
1688 items in Moon
1225 items in Castile and León (Spain)
1593 items in Veneto, Italy. 
3043 items in Community of Madrid (Spain)
552 items in Wrocław, Poland
2499 items in Pomorze Zachodnie
1562 items in Bucharest
2699 items in Czech Republic
1744 items in Moldova
500 items in Lebanon
320 items in European Union
919 items in Moscow (Russia)
1445 items in Finland Proper 
608 items in România
4901 items in Lower Saxony (Germany)
2235 items in Bergamàsch
828 items in Brandenburg
5912 items in Georgia
561 items in Rhineland-Palatinate (Germany)
924 items in British, spiritual EU citizen in exile due to Brexit 🙁
5241 items in Eurofederalist 
714 items in Kyiv, Ukraine
598 items in Overijssel (Netherlands)
5555 items in The Next EU Member State
1403 items in Spanish-Australian
2008 items in polan
439 items in Bavaria (Germany)
974 items in British 
2388 items in Lithuania/GB/Australia
3031 items in Amsterdam
1741 items in Europa
1609 items in United Ireland
978 items in Brussels
438 items in Silesia :illuminati:
347 items in Malaysia
1029 items in Ulster
5752 items in Eesti
1045 items in On a highway to HEL
890 items in Armenia
1429 items in Tuscany
3109 items in Cyprus
1779 items in Latvia, Aglona district
637 items in Moscow
554 items in Romanian in the Republic of Moldova
4682 items in Swede in the UK
245 items in Chubby, Portly Porker, Small Stubby Penis, 7.92cm Phimosis Chode
2974 items in Gagauzia
251 items in Suomi
957 items in Scania
1009 items in Oslo, Norway
2913 items in Dalmatia
642 items in That Austrian with the Dutch flair
2000 items in Basque Country (Spain)
3188 items in Germany / EU
5498 items in Szekler
188 items in Franconia (Germany)
1258 items in Crimea, Russia
861 items in Mexico
2993 items in Kingdom of Bohemia
1797 items in United States of Europe
657 items in Lithuania (former Prussia)
909 items in Paris
3036 items in Not Sweden; in NL
1444 items in South Bohemia, Czech Republic
1268 items in Sardinia
565 items in Occitania
407 items in too foreign in home
536 items in Grand Duchy of Mazovia
826 items in Italia
569 items in Catalonia (Spain)
770 items in Gelderland (Netherlands)
967 items in Armenian American
299 items in Czecho-Canadian 
2242 items in Terra
1599 items in Bavaria
504 items in Modena, Italy
1862 items in Europe Poland Mazovia
1223 items in Trancelvanya
833 items in AMA
912 items in London lass
1672 items in Ligurian in Utrecht
412 items in Ost-Holland
454 items in Tripe stew, Hayao Miyazaki, and female wet t-shirt aficionado
826 items in Rhône-Alpes (France)

Could not create files:
living in :flag-us:
 living in :flag-ch:
in :flag-se:
in :flag-de:
 living in  :flag-dk:
living in :flag-fr:
half :flag-it:
Vienna :flag-at:
in :flag-au:
in :flag-us:
in :flag-ca:
Hertfordshire (:flag-gb:) 
EU | Bulgaria
Silesia :illuminati:

Collected 229 countries, 1047916 posts / comments.
2021-05-13 11:52:07.230050
11:30:33.929127

Process finished with exit code 0
